f:\project\cpl-20162-team4\opencv\practice\include\debug\practice.pch
f:\project\cpl-20162-team4\opencv\practice\include\debug\vc140.pdb
f:\project\cpl-20162-team4\opencv\practice\include\debug\vc140.idb
f:\project\cpl-20162-team4\opencv\practice\include\debug\stdafx.obj
f:\project\cpl-20162-team4\opencv\practice\include\debug\character.obj
f:\project\cpl-20162-team4\opencv\practice\include\debug\mainapp.obj
f:\project\cpl-20162-team4\opencv\practice\include\debug\movie.obj
f:\project\cpl-20162-team4\opencv\practice\include\debug\multitexture.obj
f:\project\cpl-20162-team4\opencv\practice\include\debug\practice.obj
f:\project\cpl-20162-team4\opencv\practice\include\debug\scene.obj
f:\project\cpl-20162-team4\opencv\practice\include\debug\scenemgr.obj
f:\project\cpl-20162-team4\opencv\practice\include\debug\settingmenu.obj
f:\project\cpl-20162-team4\opencv\practice\include\debug\singletexture.obj
f:\project\cpl-20162-team4\opencv\practice\include\debug\texture.obj
f:\project\cpl-20162-team4\opencv\practice\include\debug\texturemgr.obj
f:\project\cpl-20162-team4\opencv\practice\bin\practice.ilk
f:\project\cpl-20162-team4\opencv\practice\bin\practice.exe
f:\project\cpl-20162-team4\opencv\practice\bin\practice.pdb
f:\project\cpl-20162-team4\opencv\practice\include\debug\practice.res
f:\project\cpl-20162-team4\opencv\practice\include\../bin\practice.exe
f:\project\cpl-20162-team4\opencv\practice\include\debug\practice.tlog\cl.command.1.tlog
f:\project\cpl-20162-team4\opencv\practice\include\debug\practice.tlog\cl.read.1.tlog
f:\project\cpl-20162-team4\opencv\practice\include\debug\practice.tlog\cl.write.1.tlog
f:\project\cpl-20162-team4\opencv\practice\include\debug\practice.tlog\link.command.1.tlog
f:\project\cpl-20162-team4\opencv\practice\include\debug\practice.tlog\link.read.1.tlog
f:\project\cpl-20162-team4\opencv\practice\include\debug\practice.tlog\link.write.1.tlog
f:\project\cpl-20162-team4\opencv\practice\include\debug\practice.tlog\rc.command.1.tlog
f:\project\cpl-20162-team4\opencv\practice\include\debug\practice.tlog\rc.read.1.tlog
f:\project\cpl-20162-team4\opencv\practice\include\debug\practice.tlog\rc.write.1.tlog
