  stdafx.cpp
c:\opencv3\build\include\opencv2\core\mat.hpp(1965): warning C4819: 현재 코드 페이지(949)에서 표시할 수 없는 문자가 파일에 들어 있습니다. 데이터가 손실되지 않게 하려면 해당 파일을 유니코드 형식으로 저장하십시오.
c:\opencv3\build\include\opencv2\core\persistence.hpp : warning C4819: 현재 코드 페이지(949)에서 표시할 수 없는 문자가 파일에 들어 있습니다. 데이터가 손실되지 않게 하려면 해당 파일을 유니코드 형식으로 저장하십시오.
c:\opencv3\build\include\opencv2\core\utility.hpp : warning C4819: 현재 코드 페이지(949)에서 표시할 수 없는 문자가 파일에 들어 있습니다. 데이터가 손실되지 않게 하려면 해당 파일을 유니코드 형식으로 저장하십시오.
c:\opencv3\build\include\opencv2\core\utility.hpp : warning C4819: 현재 코드 페이지(949)에서 표시할 수 없는 문자가 파일에 들어 있습니다. 데이터가 손실되지 않게 하려면 해당 파일을 유니코드 형식으로 저장하십시오.
  ImageExport.cpp
c:\users\ykhigh\documents\github\cpl-20162-team4\characterprocessing\characterprocessing\imageexport.cpp(43): warning C4129: 'i': 문자 이스케이프 시퀀스를 인식할 수 없습니다.
c:\users\ykhigh\documents\github\cpl-20162-team4\characterprocessing\characterprocessing\imageexport.cpp(54): warning C4129: 'i': 문자 이스케이프 시퀀스를 인식할 수 없습니다.
c:\users\ykhigh\documents\github\cpl-20162-team4\characterprocessing\characterprocessing\imageexport.cpp(107): warning C4244: '=': 'double'에서 'int'(으)로 변환하면서 데이터가 손실될 수 있습니다.
c:\users\ykhigh\documents\github\cpl-20162-team4\characterprocessing\characterprocessing\imageexport.cpp(17): warning C4101: 'capture' :참조되지 않은 지역 변수입니다.
  ImageCapture.cpp
c:\users\ykhigh\documents\github\cpl-20162-team4\characterprocessing\characterprocessing\imagecapture.cpp(11): warning C4101: 'file_name' :참조되지 않은 지역 변수입니다.
c:\users\ykhigh\documents\github\cpl-20162-team4\characterprocessing\characterprocessing\imagecapture.cpp(5): warning C4101: 'frame' :참조되지 않은 지역 변수입니다.
  CharacterProcessing.cpp
  Character.cpp
c:\users\ykhigh\documents\github\cpl-20162-team4\characterprocessing\characterprocessing\character.cpp(60): warning C4129: 'e': 문자 이스케이프 시퀀스를 인식할 수 없습니다.
c:\users\ykhigh\documents\github\cpl-20162-team4\characterprocessing\characterprocessing\character.cpp(94): warning C4244: '=': 'double'에서 'int'(으)로 변환하면서 데이터가 손실될 수 있습니다.
c:\users\ykhigh\documents\github\cpl-20162-team4\characterprocessing\characterprocessing\character.cpp(96): warning C4244: '=': 'float'에서 'int'(으)로 변환하면서 데이터가 손실될 수 있습니다.
c:\users\ykhigh\documents\github\cpl-20162-team4\characterprocessing\characterprocessing\character.cpp(97): warning C4244: '=': 'float'에서 'uchar'(으)로 변환하면서 데이터가 손실될 수 있습니다.
c:\users\ykhigh\documents\github\cpl-20162-team4\characterprocessing\characterprocessing\character.cpp(98): warning C4244: '=': 'float'에서 'uchar'(으)로 변환하면서 데이터가 손실될 수 있습니다.
c:\users\ykhigh\documents\github\cpl-20162-team4\characterprocessing\characterprocessing\character.cpp(99): warning C4244: '=': 'float'에서 'uchar'(으)로 변환하면서 데이터가 손실될 수 있습니다.
  코드를 생성하고 있습니다...
  CharacterProcessing.vcxproj -> C:\Users\ykhigh\Documents\GitHub\CPL-20162-Team4\CharacterProcessing\x64\Debug\CharacterProcessing.exe
  CharacterProcessing.vcxproj -> C:\Users\ykhigh\Documents\GitHub\CPL-20162-Team4\CharacterProcessing\x64\Debug\CharacterProcessing.pdb (Full PDB)
